<?xml version="1.0" encoding="UTF-8"?>
<!-- Generated by org.testng.reporters.JUnitReportReporter -->
<testsuite hostname="DESKTOP-PL1G1FV" failures="0" tests="2" name="fiveFlowsWithTestNG.Flow5" time="2.627" errors="0" timestamp="2021-11-10T14:21:21 PST" skipped="0">
  <testcase classname="fiveFlowsWithTestNG.Flow5" name="onlineStatements" time="0.650"/>
  <system-out/>
  <testcase classname="fiveFlowsWithTestNG.Flow5" name="logInTest" time="1.977"/>
  <system-out/>
</testsuite> <!-- fiveFlowsWithTestNG.Flow5 -->
