<?xml version="1.0" encoding="UTF-8"?>
<!-- Generated by org.testng.reporters.JUnitReportReporter -->
<testsuite hostname="DESKTOP-PL1G1FV" failures="0" tests="2" name="fiveTestCases.Flow2" time="3.813" errors="0" timestamp="2021-11-10T13:56:18 PST" skipped="0">
  <testcase classname="fiveTestCases.Flow2" name="purchaseForeignCurrency" time="1.841"/>
  <system-out/>
  <testcase classname="fiveTestCases.Flow2" name="logInTest" time="1.972"/>
  <system-out/>
</testsuite> <!-- fiveTestCases.Flow2 -->
