<?xml version="1.0" encoding="UTF-8"?>
<!-- Generated by org.testng.reporters.JUnitReportReporter -->
<testsuite hostname="DESKTOP-PL1G1FV" failures="0" tests="2" name="fiveTestCases.Flow3" time="2.963" errors="0" timestamp="2021-11-10T14:00:58 PST" skipped="0">
  <testcase classname="fiveTestCases.Flow3" name="transferFunds" time="1.144"/>
  <system-out/>
  <testcase classname="fiveTestCases.Flow3" name="logInTest" time="1.819"/>
  <system-out/>
</testsuite> <!-- fiveTestCases.Flow3 -->
