<?xml version="1.0" encoding="UTF-8"?>
<!-- Generated by org.testng.reporters.JUnitReportReporter -->
<testsuite hostname="DESKTOP-PL1G1FV" failures="0" tests="2" name="fiveTestCases.TestCase001" time="6.449" errors="0" timestamp="2021-11-10T13:51:30 PST" skipped="0">
  <testcase classname="fiveTestCases.TestCase001" name="newWebpage" time="4.481"/>
  <system-out/>
  <testcase classname="fiveTestCases.TestCase001" name="logInTest" time="1.968"/>
  <system-out/>
</testsuite> <!-- fiveTestCases.TestCase001 -->
